
=============== 1-th EPOCH

=============== 1-th EPOCH

=============== 1-th EPOCH

=============== 1-th EPOCH

=============== 1-th EPOCH

=============== 1-th EPOCH

=============== 1-th EPOCH

=============== 1-th EPOCH

=============== 1-th EPOCH

=============== 1-th EPOCH

=============== 1-th EPOCH

=============== 1-th EPOCH

=============== 1-th EPOCH

=============== 1-th EPOCH

=============== 1-th EPOCH

=============== 1-th EPOCH

=============== 1-th EPOCH

=============== 1-th EPOCH

=============== 1-th EPOCH

=============== 1-th EPOCH

=============== 1-th EPOCH

=============== 1-th EPOCH

=============== 1-th EPOCH

=============== 1-th EPOCH

=============== 1-th EPOCH

=============== 1-th EPOCH

=============== 1-th EPOCH

=============== 1-th EPOCH

=============== 1-th EPOCH

=============== 1-th EPOCH

=============== 1-th EPOCH

=============== 1-th EPOCH

=============== 1-th EPOCH

=============== 1-th EPOCH

=============== 1-th EPOCH

=============== 1-th EPOCH

=============== 1-th EPOCH

=============== 1-th EPOCH

=============== 1-th EPOCH

=============== 1-th EPOCH

=============== 1-th EPOCH

=============== 1-th EPOCH

=============== 1-th EPOCH
{'train_logloss': 0.4547802946150584, 'train_auc': 0.8210339348722527, 'train_accuracy': 25993, 'test_logloss': 0.3723573088811139, 'test_auc': 0.8839427634202272, 'test_accuracy': 13642}

=============== 2-th EPOCH
{'train_logloss': 0.35932541555538255, 'train_auc': 0.8865061730535163, 'train_accuracy': 27317, 'test_logloss': 0.3471067674547996, 'test_auc': 0.8905302372127052, 'test_accuracy': 13700}

=============== 3-th EPOCH

=============== 1-th EPOCH
{'train_logloss': 0.44710869868871517, 'train_auc': 0.8192722862853914, 'train_accuracy': 25725, 'test_logloss': 0.38202921540729146, 'test_auc': 0.8772343696321234, 'test_accuracy': 13449}

=============== 2-th EPOCH
{'train_logloss': 0.367415319262795, 'train_auc': 0.8829478115614174, 'train_accuracy': 27192, 'test_logloss': 0.35339717665495124, 'test_auc': 0.8875178698342143, 'test_accuracy': 13677}

=============== 3-th EPOCH
{'train_logloss': 0.35028172921693396, 'train_auc': 0.889738059507138, 'train_accuracy': 27378, 'test_logloss': 0.34375067350920796, 'test_auc': 0.8912991445270999, 'test_accuracy': 13730}

=============== 4-th EPOCH
{'train_logloss': 0.3432325213699008, 'train_auc': 0.8929009059094817, 'train_accuracy': 27404, 'test_logloss': 0.33909340334793203, 'test_auc': 0.893687434670688, 'test_accuracy': 13727}

=============== 5-th EPOCH
{'train_logloss': 0.33918439525884514, 'train_auc': 0.8951899122486606, 'train_accuracy': 27432, 'test_logloss': 0.33617210208848936, 'test_auc': 0.8951792482636177, 'test_accuracy': 13751}

=============== 6-th EPOCH
{'train_logloss': 0.33643825897999274, 'train_auc': 0.896741507691914, 'train_accuracy': 27460, 'test_logloss': 0.3341422561174982, 'test_auc': 0.8963549092828208, 'test_accuracy': 13772}

=============== 7-th EPOCH
{'train_logloss': 0.33444024997207084, 'train_auc': 0.8979359284385577, 'train_accuracy': 27482, 'test_logloss': 0.3326635880135165, 'test_auc': 0.8972171150617637, 'test_accuracy': 13776}

=============== 8-th EPOCH
{'train_logloss': 0.33289576884402433, 'train_auc': 0.8988785119005609, 'train_accuracy': 27502, 'test_logloss': 0.3315048368022205, 'test_auc': 0.8978678415331225, 'test_accuracy': 13771}

=============== 9-th EPOCH
{'train_logloss': 0.3316761914813788, 'train_auc': 0.8996246469578009, 'train_accuracy': 27524, 'test_logloss': 0.33061021688210446, 'test_auc': 0.8984094200921233, 'test_accuracy': 13779}

=============== 10-th EPOCH
{'train_logloss': 0.3306692139172459, 'train_auc': 0.9002199432779898, 'train_accuracy': 27543, 'test_logloss': 0.3298838377828154, 'test_auc': 0.898847914511675, 'test_accuracy': 13790}

************** TIME COST **************
29.06 seconds for 10 epoches
16807.99 examples per second

************** LEARNING CURVE **************
   test_accuracy  test_auc      ...        train_auc  train_logloss
0          13449  0.877234      ...         0.819272       0.447109
1          13677  0.887518      ...         0.882948       0.367415
2          13730  0.891299      ...         0.889738       0.350282
3          13727  0.893687      ...         0.892901       0.343233
4          13751  0.895179      ...         0.895190       0.339184
5          13772  0.896355      ...         0.896742       0.336438
6          13776  0.897217      ...         0.897936       0.334440
7          13771  0.897868      ...         0.898879       0.332896
8          13779  0.898409      ...         0.899625       0.331676
9          13790  0.898848      ...         0.900220       0.330669

[10 rows x 6 columns]

=============== 1-th EPOCH
{'train_logloss': 0.4163093123459776, 'train_auc': 0.8489563380232278, 'train_accuracy': 0.8136420871594853, 'test_logloss': 0.36265256671222074, 'test_auc': 0.8828317965850921, 'test_accuracy': 0.8384620109329893}

=============== 2-th EPOCH
{'train_logloss': 0.3546483842657916, 'train_auc': 0.8865060672904725, 'train_accuracy': 0.8396548017567028, 'test_logloss': 0.34568736982590087, 'test_auc': 0.8897613717174341, 'test_accuracy': 0.8424543946932007}

=============== 3-th EPOCH
{'train_logloss': 0.34475724245774236, 'train_auc': 0.8913507705121491, 'train_accuracy': 0.8419888824053315, 'test_logloss': 0.33952356395037725, 'test_auc': 0.8928415383499135, 'test_accuracy': 0.845095510103802}

=============== 4-th EPOCH
{'train_logloss': 0.34015293426609555, 'train_auc': 0.8939701032123487, 'train_accuracy': 0.843739442891803, 'test_logloss': 0.3360759943776619, 'test_auc': 0.8950743240827341, 'test_accuracy': 0.8454026165468952}

=============== 5-th EPOCH
{'train_logloss': 0.33731540368194557, 'train_auc': 0.8957663492124419, 'train_accuracy': 0.8443843862289242, 'test_logloss': 0.3337745265012464, 'test_auc': 0.896361119422662, 'test_accuracy': 0.8468153061851238}

=============== 6-th EPOCH
{'train_logloss': 0.33530974540728836, 'train_auc': 0.8970127150910759, 'train_accuracy': 0.8450907527410092, 'test_logloss': 0.33216142067764604, 'test_auc': 0.8973283330207353, 'test_accuracy': 0.848289417111971}

=============== 7-th EPOCH
{'train_logloss': 0.3338221732760107, 'train_auc': 0.8979663288646642, 'train_accuracy': 0.8456128497282025, 'test_logloss': 0.3309632255764598, 'test_auc': 0.8980762889542522, 'test_accuracy': 0.8487193661323015}

=============== 8-th EPOCH
{'train_logloss': 0.33263416329560974, 'train_auc': 0.8987064870201402, 'train_accuracy': 0.845950677190504, 'test_logloss': 0.33002318858188406, 'test_auc': 0.8987053740291951, 'test_accuracy': 0.8483508384005897}

=============== 9-th EPOCH
{'train_logloss': 0.3316507823533655, 'train_auc': 0.8993746360203544, 'train_accuracy': 0.8463499278277694, 'test_logloss': 0.3292563963977827, 'test_auc': 0.8991248825666738, 'test_accuracy': 0.848965051286776}

=============== 10-th EPOCH
{'train_logloss': 0.3308638250898226, 'train_auc': 0.8998815195951576, 'train_accuracy': 0.8471484291023003, 'test_logloss': 0.3285999508119342, 'test_auc': 0.8995501830527584, 'test_accuracy': 0.8497635280388183}

************** TIME COST **************
29.29 seconds for 10 epoches
16677.70 examples per second

************** LEARNING CURVE **************
   test_accuracy  test_auc      ...        train_auc  train_logloss
0       0.838462  0.882832      ...         0.848956       0.416309
1       0.842454  0.889761      ...         0.886506       0.354648
2       0.845096  0.892842      ...         0.891351       0.344757
3       0.845403  0.895074      ...         0.893970       0.340153
4       0.846815  0.896361      ...         0.895766       0.337315
5       0.848289  0.897328      ...         0.897013       0.335310
6       0.848719  0.898076      ...         0.897966       0.333822
7       0.848351  0.898705      ...         0.898706       0.332634
8       0.848965  0.899125      ...         0.899375       0.331651
9       0.849764  0.899550      ...         0.899882       0.330864

[10 rows x 6 columns]

=============== 1-th EPOCH
{'train_logloss': 0.40582237841598573, 'train_auc': 0.8593627095604426, 'train_accuracy': 0.8154540708209207, 'test_logloss': 0.35436972657865556, 'test_auc': 0.8886771691213446, 'test_accuracy': 0.8383391683557521}

=============== 2-th EPOCH
{'train_logloss': 0.3490946115516751, 'train_auc': 0.890904135758062, 'train_accuracy': 0.8405761493811615, 'test_logloss': 0.34053763655876756, 'test_auc': 0.8936511356714824, 'test_accuracy': 0.8430071862907684}

=============== 3-th EPOCH
{'train_logloss': 0.3405165423348608, 'train_auc': 0.8949144046789158, 'train_accuracy': 0.8422959982801511, 'test_logloss': 0.33569150781255885, 'test_auc': 0.8958477896815913, 'test_accuracy': 0.8447884036607088}

=============== 4-th EPOCH
{'train_logloss': 0.33670954010474924, 'train_auc': 0.8968649280047745, 'train_accuracy': 0.8436165965418753, 'test_logloss': 0.333204956641302, 'test_auc': 0.897368040278507, 'test_accuracy': 0.8462010932989374}

=============== 5-th EPOCH
{'train_logloss': 0.33440066396848395, 'train_auc': 0.8982675316948626, 'train_accuracy': 0.8443229630539603, 'test_logloss': 0.3315966247351703, 'test_auc': 0.8982432308952993, 'test_accuracy': 0.8466924636078865}

=============== 6-th EPOCH
{'train_logloss': 0.332822084566644, 'train_auc': 0.8991625836972614, 'train_accuracy': 0.8455207149657565, 'test_logloss': 0.33045771769501736, 'test_auc': 0.8988381915654592, 'test_accuracy': 0.8471838339168356}

=============== 7-th EPOCH
{'train_logloss': 0.33164931969273637, 'train_auc': 0.8998578260937756, 'train_accuracy': 0.8459813887779859, 'test_logloss': 0.3296437682808609, 'test_auc': 0.899280156972262, 'test_accuracy': 0.8474909403599288}

=============== 8-th EPOCH
{'train_logloss': 0.3307500370445898, 'train_auc': 0.9003754871806936, 'train_accuracy': 0.8464727741776973, 'test_logloss': 0.3290116614457335, 'test_auc': 0.8996843597105364, 'test_accuracy': 0.847798046803022}

=============== 9-th EPOCH
{'train_logloss': 0.33001341175261895, 'train_auc': 0.900822147730645, 'train_accuracy': 0.8470255827523725, 'test_logloss': 0.3284651107791273, 'test_auc': 0.8999852901233057, 'test_accuracy': 0.8485965235550642}

=============== 10-th EPOCH
{'train_logloss': 0.3294004306040022, 'train_auc': 0.9011944104282981, 'train_accuracy': 0.8470562943398544, 'test_logloss': 0.32802812587894453, 'test_auc': 0.9002252064348758, 'test_accuracy': 0.8486579448436828}

************** TIME COST **************
28.67 seconds for 10 epoches
17037.37 examples per second

************** LEARNING CURVE **************
   test_accuracy  test_auc      ...        train_auc  train_logloss
0       0.838339  0.888677      ...         0.859363       0.405822
1       0.843007  0.893651      ...         0.890904       0.349095
2       0.844788  0.895848      ...         0.894914       0.340517
3       0.846201  0.897368      ...         0.896865       0.336710
4       0.846692  0.898243      ...         0.898268       0.334401
5       0.847184  0.898838      ...         0.899163       0.332822
6       0.847491  0.899280      ...         0.899858       0.331649
7       0.847798  0.899684      ...         0.900375       0.330750
8       0.848597  0.899985      ...         0.900822       0.330013
9       0.848658  0.900225      ...         0.901194       0.329400

[10 rows x 6 columns]
